# JRE version: Java(TM) SE Runtime Environment (17.0.12+8) (build 17.0.12+8-LTS-286)
# Java VM: Java HotSpot(TM) 64-Bit Server VM (17.0.12+8-LTS-286, mixed mode, sharing, tiered, compressed oops, compressed class ptrs, g1 gc, windows-amd64)
GC Precious Log:
 CPUs: 4 total, 4 available
 Memory: 3877M
 Large Page Support: Disabled
 NUMA Support: Disabled
 Compressed Oops: Enabled (32-bit)
 Heap Region Size: 1M
 Heap Min Capacity: 256M
 Heap Initial Capacity: 256M
 Heap Max Capacity: 512M
 Pre-touch: Disabled
 Parallel Workers: 4
 Concurrent Workers: 1
 Concurrent Refinement Workers: 4
 Periodic GC: Disabled
Heap:
 garbage-first heap   total 348160K, used 182281K [0x00000000e0000000, 0x0000000100000000)
  region size 1024K, 18 young (18432K), 13 survivors (13312K)
 Metaspace       used 91141K, committed 92032K, reserved 458752K
  class space    used 12358K, committed 12800K, reserved 327680K
GC Heap History (20 events):
Event: 81.257 GC heap before
{Heap before GC invocations=21 (full 0):
 garbage-first heap   total 276480K, used 215341K [0x00000000e0000000, 0x0000000100000000)
  region size 1024K, 63 young (64512K), 5 survivors (5120K)
 Metaspace       used 87615K, committed 88512K, reserved 458752K
  class space    used 11917K, committed 12352K, reserved 327680K
}
Event: 81.267 GC heap after
{Heap after GC invocations=22 (full 0):
 garbage-first heap   total 276480K, used 158699K [0x00000000e0000000, 0x0000000100000000)
  region size 1024K, 6 young (6144K), 6 survivors (6144K)
 Metaspace       used 87615K, committed 88512K, reserved 458752K
  class space    used 11917K, committed 12352K, reserved 327680K
}
Event: 81.399 GC heap before
{Heap before GC invocations=22 (full 0):
 garbage-first heap   total 276480K, used 165867K [0x00000000e0000000, 0x0000000100000000)
  region size 1024K, 13 young (13312K), 6 survivors (6144K)
 Metaspace       used 87615K, committed 88512K, reserved 458752K
  class space    used 11917K, committed 12352K, reserved 327680K
}
Event: 81.411 GC heap after
{Heap after GC invocations=23 (full 0):
 garbage-first heap   total 276480K, used 155977K [0x00000000e0000000, 0x0000000100000000)
  region size 1024K, 2 young (2048K), 2 survivors (2048K)
 Metaspace       used 87615K, committed 88512K, reserved 458752K
  class space    used 11917K, committed 12352K, reserved 327680K
}
Event: 82.995 GC heap before
{Heap before GC invocations=23 (full 0):
 garbage-first heap   total 276480K, used 225609K [0x00000000e0000000, 0x0000000100000000)
  region size 1024K, 70 young (71680K), 2 survivors (2048K)
 Metaspace       used 87616K, committed 88512K, reserved 458752K
  class space    used 11917K, committed 12352K, reserved 327680K
}
Event: 83.006 GC heap after
{Heap after GC invocations=24 (full 0):
 garbage-first heap   total 276480K, used 160455K [0x00000000e0000000, 0x0000000100000000)
  region size 1024K, 7 young (7168K), 7 survivors (7168K)
 Metaspace       used 87616K, committed 88512K, reserved 458752K
  class space    used 11917K, committed 12352K, reserved 327680K
}
Event: 84.628 GC heap before
{Heap before GC invocations=25 (full 0):
 garbage-first heap   total 276480K, used 227015K [0x00000000e0000000, 0x0000000100000000)
  region size 1024K, 72 young (73728K), 7 survivors (7168K)
 Metaspace       used 87616K, committed 88512K, reserved 458752K
  class space    used 11917K, committed 12352K, reserved 327680K
}
Event: 84.646 GC heap after
{Heap after GC invocations=26 (full 0):
 garbage-first heap   total 276480K, used 163665K [0x00000000e0000000, 0x0000000100000000)
  region size 1024K, 6 young (6144K), 6 survivors (6144K)
 Metaspace       used 87616K, committed 88512K, reserved 458752K
  class space    used 11917K, committed 12352K, reserved 327680K
}
Event: 84.737 GC heap before
{Heap before GC invocations=26 (full 0):
 garbage-first heap   total 276480K, used 170833K [0x00000000e0000000, 0x0000000100000000)
  region size 1024K, 13 young (13312K), 6 survivors (6144K)
 Metaspace       used 87616K, committed 88512K, reserved 458752K
  class space    used 11917K, committed 12352K, reserved 327680K
}
Event: 84.748 GC heap after
{Heap after GC invocations=27 (full 0):
 garbage-first heap   total 276480K, used 161636K [0x00000000e0000000, 0x0000000100000000)
  region size 1024K, 2 young (2048K), 2 survivors (2048K)
 Metaspace       used 87616K, committed 88512K, reserved 458752K
  class space    used 11917K, committed 12352K, reserved 327680K
}
Event: 85.470 GC heap before
{Heap before GC invocations=27 (full 0):
 garbage-first heap   total 276480K, used 229220K [0x00000000e0000000, 0x0000000100000000)
  region size 1024K, 68 young (69632K), 2 survivors (2048K)
 Metaspace       used 87616K, committed 88512K, reserved 458752K
  class space    used 11917K, committed 12352K, reserved 327680K
}
Event: 85.478 GC heap after
{Heap after GC invocations=28 (full 0):
 garbage-first heap   total 276480K, used 165109K [0x00000000e0000000, 0x0000000100000000)
  region size 1024K, 6 young (6144K), 6 survivors (6144K)
 Metaspace       used 87616K, committed 88512K, reserved 458752K
  class space    used 11917K, committed 12352K, reserved 327680K
}
Event: 86.255 GC heap before
{Heap before GC invocations=29 (full 0):
 garbage-first heap   total 299008K, used 227573K [0x00000000e0000000, 0x0000000100000000)
  region size 1024K, 67 young (68608K), 6 survivors (6144K)
 Metaspace       used 87616K, committed 88512K, reserved 458752K
  class space    used 11917K, committed 12352K, reserved 327680K
}
Event: 86.273 GC heap after
{Heap after GC invocations=30 (full 0):
 garbage-first heap   total 299008K, used 168807K [0x00000000e0000000, 0x0000000100000000)
  region size 1024K, 6 young (6144K), 6 survivors (6144K)
 Metaspace       used 87616K, committed 88512K, reserved 458752K
  class space    used 11917K, committed 12352K, reserved 327680K
}
Event: 86.407 GC heap before
{Heap before GC invocations=30 (full 0):
 garbage-first heap   total 299008K, used 175975K [0x00000000e0000000, 0x0000000100000000)
  region size 1024K, 14 young (14336K), 6 survivors (6144K)
 Metaspace       used 87616K, committed 88512K, reserved 458752K
  class space    used 11917K, committed 12352K, reserved 327680K
}
Event: 86.426 GC heap after
{Heap after GC invocations=31 (full 0):
 garbage-first heap   total 299008K, used 167413K [0x00000000e0000000, 0x0000000100000000)
  region size 1024K, 2 young (2048K), 2 survivors (2048K)
 Metaspace       used 87616K, committed 88512K, reserved 458752K
  class space    used 11917K, committed 12352K, reserved 327680K
}
Event: 87.129 GC heap before
{Heap before GC invocations=31 (full 0):
 garbage-first heap   total 299008K, used 246261K [0x00000000e0000000, 0x0000000100000000)
  region size 1024K, 79 young (80896K), 2 survivors (2048K)
 Metaspace       used 87686K, committed 88576K, reserved 458752K
  class space    used 11927K, committed 12352K, reserved 327680K
}
Event: 87.140 GC heap after
{Heap after GC invocations=32 (full 0):
 garbage-first heap   total 348160K, used 172044K [0x00000000e0000000, 0x0000000100000000)
  region size 1024K, 7 young (7168K), 7 survivors (7168K)
 Metaspace       used 87686K, committed 88576K, reserved 458752K
  class space    used 11927K, committed 12352K, reserved 327680K
}
Event: 537.182 GC heap before
{Heap before GC invocations=32 (full 0):
 garbage-first heap   total 348160K, used 282636K [0x00000000e0000000, 0x0000000100000000)
  region size 1024K, 116 young (118784K), 7 survivors (7168K)
 Metaspace       used 91069K, committed 91968K, reserved 458752K
  class space    used 12352K, committed 12800K, reserved 327680K
}
Event: 537.315 GC heap after
{Heap after GC invocations=33 (full 0):
 garbage-first heap   total 348160K, used 178185K [0x00000000e0000000, 0x0000000100000000)
  region size 1024K, 13 young (13312K), 13 survivors (13312K)
 Metaspace       used 91069K, committed 91968K, reserved 458752K
  class space    used 12352K, committed 12800K, reserved 327680K
}

