# JRE version: Java(TM) SE Runtime Environment (17.0.12+8) (build 17.0.12+8-LTS-286)
# Java VM: Java HotSpot(TM) 64-Bit Server VM (17.0.12+8-LTS-286, mixed mode, sharing, tiered, compressed oops, compressed class ptrs, g1 gc, windows-amd64)
GC Precious Log:
 CPUs: 4 total, 4 available
 Memory: 3877M
 Large Page Support: Disabled
 NUMA Support: Disabled
 Compressed Oops: Enabled (32-bit)
 Heap Region Size: 1M
 Heap Min Capacity: 256M
 Heap Initial Capacity: 256M
 Heap Max Capacity: 512M
 Pre-touch: Disabled
 Parallel Workers: 4
 Concurrent Workers: 1
 Concurrent Refinement Workers: 4
 Periodic GC: Disabled
Heap:
 garbage-first heap   total 271360K, used 171849K [0x00000000e0000000, 0x0000000100000000)
  region size 1024K, 14 young (14336K), 5 survivors (5120K)
 Metaspace       used 87515K, committed 88320K, reserved 458752K
  class space    used 11916K, committed 12288K, reserved 327680K
GC Heap History (20 events):
Event: 33.859 GC heap before
{Heap before GC invocations=19 (full 0):
 garbage-first heap   total 262144K, used 141672K [0x00000000e0000000, 0x0000000100000000)
  region size 1024K, 12 young (12288K), 8 survivors (8192K)
 Metaspace       used 83244K, committed 84096K, reserved 458752K
  class space    used 11476K, committed 11904K, reserved 327680K
}
Event: 33.868 GC heap after
{Heap after GC invocations=20 (full 0):
 garbage-first heap   total 262144K, used 139639K [0x00000000e0000000, 0x0000000100000000)
  region size 1024K, 2 young (2048K), 2 survivors (2048K)
 Metaspace       used 83244K, committed 84096K, reserved 458752K
  class space    used 11476K, committed 11904K, reserved 327680K
}
Event: 37.088 GC heap before
{Heap before GC invocations=20 (full 0):
 garbage-first heap   total 262144K, used 212343K [0x00000000e0000000, 0x0000000100000000)
  region size 1024K, 74 young (75776K), 2 survivors (2048K)
 Metaspace       used 84263K, committed 85120K, reserved 458752K
  class space    used 11545K, committed 11968K, reserved 327680K
}
Event: 37.101 GC heap after
{Heap after GC invocations=21 (full 0):
 garbage-first heap   total 262144K, used 143476K [0x00000000e0000000, 0x0000000100000000)
  region size 1024K, 6 young (6144K), 6 survivors (6144K)
 Metaspace       used 84263K, committed 85120K, reserved 458752K
  class space    used 11545K, committed 11968K, reserved 327680K
}
Event: 39.495 GC heap before
{Heap before GC invocations=22 (full 0):
 garbage-first heap   total 262144K, used 212732K [0x00000000e0000000, 0x0000000100000000)
  region size 1024K, 75 young (76800K), 6 survivors (6144K)
 Metaspace       used 87511K, committed 88320K, reserved 458752K
  class space    used 11915K, committed 12288K, reserved 327680K
}
Event: 39.513 GC heap after
{Heap after GC invocations=23 (full 0):
 garbage-first heap   total 262144K, used 150827K [0x00000000e0000000, 0x0000000100000000)
  region size 1024K, 9 young (9216K), 9 survivors (9216K)
 Metaspace       used 87511K, committed 88320K, reserved 458752K
  class space    used 11915K, committed 12288K, reserved 327680K
}
Event: 39.576 GC heap before
{Heap before GC invocations=23 (full 0):
 garbage-first heap   total 262144K, used 152875K [0x00000000e0000000, 0x0000000100000000)
  region size 1024K, 12 young (12288K), 9 survivors (9216K)
 Metaspace       used 87512K, committed 88320K, reserved 458752K
  class space    used 11915K, committed 12288K, reserved 327680K
}
Event: 39.592 GC heap after
{Heap after GC invocations=24 (full 0):
 garbage-first heap   total 262144K, used 149708K [0x00000000e0000000, 0x0000000100000000)
  region size 1024K, 2 young (2048K), 2 survivors (2048K)
 Metaspace       used 87512K, committed 88320K, reserved 458752K
  class space    used 11915K, committed 12288K, reserved 327680K
}
Event: 40.551 GC heap before
{Heap before GC invocations=24 (full 0):
 garbage-first heap   total 262144K, used 213196K [0x00000000e0000000, 0x0000000100000000)
  region size 1024K, 64 young (65536K), 2 survivors (2048K)
 Metaspace       used 87514K, committed 88320K, reserved 458752K
  class space    used 11916K, committed 12288K, reserved 327680K
}
Event: 40.558 GC heap after
{Heap after GC invocations=25 (full 0):
 garbage-first heap   total 262144K, used 153441K [0x00000000e0000000, 0x0000000100000000)
  region size 1024K, 6 young (6144K), 6 survivors (6144K)
 Metaspace       used 87514K, committed 88320K, reserved 458752K
  class space    used 11916K, committed 12288K, reserved 327680K
}
Event: 41.753 GC heap before
{Heap before GC invocations=26 (full 0):
 garbage-first heap   total 271360K, used 214881K [0x00000000e0000000, 0x0000000100000000)
  region size 1024K, 66 young (67584K), 6 survivors (6144K)
 Metaspace       used 87515K, committed 88320K, reserved 458752K
  class space    used 11916K, committed 12288K, reserved 327680K
}
Event: 41.765 GC heap after
{Heap after GC invocations=27 (full 0):
 garbage-first heap   total 271360K, used 155728K [0x00000000e0000000, 0x0000000100000000)
  region size 1024K, 5 young (5120K), 5 survivors (5120K)
 Metaspace       used 87515K, committed 88320K, reserved 458752K
  class space    used 11916K, committed 12288K, reserved 327680K
}
Event: 42.055 GC heap before
{Heap before GC invocations=27 (full 0):
 garbage-first heap   total 271360K, used 163920K [0x00000000e0000000, 0x0000000100000000)
  region size 1024K, 13 young (13312K), 5 survivors (5120K)
 Metaspace       used 87515K, committed 88320K, reserved 458752K
  class space    used 11916K, committed 12288K, reserved 327680K
}
Event: 42.072 GC heap after
{Heap after GC invocations=28 (full 0):
 garbage-first heap   total 271360K, used 153574K [0x00000000e0000000, 0x0000000100000000)
  region size 1024K, 2 young (2048K), 2 survivors (2048K)
 Metaspace       used 87515K, committed 88320K, reserved 458752K
  class space    used 11916K, committed 12288K, reserved 327680K
}
Event: 44.167 GC heap before
{Heap before GC invocations=28 (full 0):
 garbage-first heap   total 271360K, used 224230K [0x00000000e0000000, 0x0000000100000000)
  region size 1024K, 71 young (72704K), 2 survivors (2048K)
 Metaspace       used 87515K, committed 88320K, reserved 458752K
  class space    used 11916K, committed 12288K, reserved 327680K
}
Event: 44.173 GC heap after
{Heap after GC invocations=29 (full 0):
 garbage-first heap   total 271360K, used 157917K [0x00000000e0000000, 0x0000000100000000)
  region size 1024K, 7 young (7168K), 7 survivors (7168K)
 Metaspace       used 87515K, committed 88320K, reserved 458752K
  class space    used 11916K, committed 12288K, reserved 327680K
}
Event: 45.204 GC heap before
{Heap before GC invocations=29 (full 0):
 garbage-first heap   total 271360K, used 224477K [0x00000000e0000000, 0x0000000100000000)
  region size 1024K, 72 young (73728K), 7 survivors (7168K)
 Metaspace       used 87515K, committed 88320K, reserved 458752K
  class space    used 11916K, committed 12288K, reserved 327680K
}
Event: 45.217 GC heap after
{Heap after GC invocations=30 (full 0):
 garbage-first heap   total 271360K, used 161296K [0x00000000e0000000, 0x0000000100000000)
  region size 1024K, 6 young (6144K), 6 survivors (6144K)
 Metaspace       used 87515K, committed 88320K, reserved 458752K
  class space    used 11916K, committed 12288K, reserved 327680K
}
Event: 45.907 GC heap before
{Heap before GC invocations=30 (full 0):
 garbage-first heap   total 271360K, used 224784K [0x00000000e0000000, 0x0000000100000000)
  region size 1024K, 69 young (70656K), 6 survivors (6144K)
 Metaspace       used 87515K, committed 88320K, reserved 458752K
  class space    used 11916K, committed 12288K, reserved 327680K
}
Event: 45.920 GC heap after
{Heap after GC invocations=31 (full 0):
 garbage-first heap   total 271360K, used 163657K [0x00000000e0000000, 0x0000000100000000)
  region size 1024K, 5 young (5120K), 5 survivors (5120K)
 Metaspace       used 87515K, committed 88320K, reserved 458752K
  class space    used 11916K, committed 12288K, reserved 327680K
}

