# JRE version: Java(TM) SE Runtime Environment (17.0.12+8) (build 17.0.12+8-LTS-286)
# Java VM: Java HotSpot(TM) 64-Bit Server VM (17.0.12+8-LTS-286, mixed mode, sharing, tiered, compressed oops, compressed class ptrs, g1 gc, windows-amd64)
GC Precious Log:
 CPUs: 4 total, 4 available
 Memory: 3877M
 Large Page Support: Disabled
 NUMA Support: Disabled
 Compressed Oops: Enabled (32-bit)
 Heap Region Size: 1M
 Heap Min Capacity: 8M
 Heap Initial Capacity: 62M
 Heap Max Capacity: 970M
 Pre-touch: Disabled
 Parallel Workers: 4
 Concurrent Workers: 1
 Concurrent Refinement Workers: 4
 Periodic GC: Disabled
Heap:
 garbage-first heap   total 75776K, used 36363K [0x00000000c3600000, 0x0000000100000000)
  region size 1024K, 1 young (1024K), 1 survivors (1024K)
 Metaspace       used 41539K, committed 41856K, reserved 1114112K
  class space    used 5093K, committed 5248K, reserved 1048576K
GC Heap History (20 events):
Event: 4.537 GC heap after
{Heap after GC invocations=8 (full 0):
 garbage-first heap   total 49152K, used 23371K [0x00000000c3600000, 0x0000000100000000)
  region size 1024K, 2 young (2048K), 2 survivors (2048K)
 Metaspace       used 27462K, committed 27712K, reserved 1114112K
  class space    used 3634K, committed 3712K, reserved 1048576K
}
Event: 4.756 GC heap before
{Heap before GC invocations=8 (full 0):
 garbage-first heap   total 49152K, used 34635K [0x00000000c3600000, 0x0000000100000000)
  region size 1024K, 14 young (14336K), 2 survivors (2048K)
 Metaspace       used 29551K, committed 29760K, reserved 1114112K
  class space    used 3869K, committed 3968K, reserved 1048576K
}
Event: 4.760 GC heap after
{Heap after GC invocations=9 (full 0):
 garbage-first heap   total 49152K, used 25476K [0x00000000c3600000, 0x0000000100000000)
  region size 1024K, 2 young (2048K), 2 survivors (2048K)
 Metaspace       used 29551K, committed 29760K, reserved 1114112K
  class space    used 3869K, committed 3968K, reserved 1048576K
}
Event: 4.958 GC heap before
{Heap before GC invocations=10 (full 0):
 garbage-first heap   total 49152K, used 35716K [0x00000000c3600000, 0x0000000100000000)
  region size 1024K, 13 young (13312K), 2 survivors (2048K)
 Metaspace       used 31707K, committed 31936K, reserved 1114112K
  class space    used 4076K, committed 4160K, reserved 1048576K
}
Event: 4.964 GC heap after
{Heap after GC invocations=11 (full 0):
 garbage-first heap   total 49152K, used 27129K [0x00000000c3600000, 0x0000000100000000)
  region size 1024K, 2 young (2048K), 2 survivors (2048K)
 Metaspace       used 31707K, committed 31936K, reserved 1114112K
  class space    used 4076K, committed 4160K, reserved 1048576K
}
Event: 5.222 GC heap before
{Heap before GC invocations=11 (full 0):
 garbage-first heap   total 49152K, used 36345K [0x00000000c3600000, 0x0000000100000000)
  region size 1024K, 12 young (12288K), 2 survivors (2048K)
 Metaspace       used 33956K, committed 34176K, reserved 1114112K
  class space    used 4252K, committed 4352K, reserved 1048576K
}
Event: 5.228 GC heap after
{Heap after GC invocations=12 (full 0):
 garbage-first heap   total 59392K, used 28281K [0x00000000c3600000, 0x0000000100000000)
  region size 1024K, 2 young (2048K), 2 survivors (2048K)
 Metaspace       used 33956K, committed 34176K, reserved 1114112K
  class space    used 4252K, committed 4352K, reserved 1048576K
}
Event: 5.745 GC heap before
{Heap before GC invocations=13 (full 0):
 garbage-first heap   total 59392K, used 43641K [0x00000000c3600000, 0x0000000100000000)
  region size 1024K, 18 young (18432K), 2 survivors (2048K)
 Metaspace       used 37457K, committed 37696K, reserved 1114112K
  class space    used 4618K, committed 4736K, reserved 1048576K
}
Event: 5.751 GC heap after
{Heap after GC invocations=14 (full 0):
 garbage-first heap   total 59392K, used 29858K [0x00000000c3600000, 0x0000000100000000)
  region size 1024K, 3 young (3072K), 3 survivors (3072K)
 Metaspace       used 37457K, committed 37696K, reserved 1114112K
  class space    used 4618K, committed 4736K, reserved 1048576K
}
Event: 6.185 GC heap before
{Heap before GC invocations=14 (full 0):
 garbage-first heap   total 59392K, used 45218K [0x00000000c3600000, 0x0000000100000000)
  region size 1024K, 19 young (19456K), 3 survivors (3072K)
 Metaspace       used 40663K, committed 41024K, reserved 1114112K
  class space    used 5014K, committed 5184K, reserved 1048576K
}
Event: 6.194 GC heap after
{Heap after GC invocations=15 (full 0):
 garbage-first heap   total 59392K, used 31692K [0x00000000c3600000, 0x0000000100000000)
  region size 1024K, 2 young (2048K), 2 survivors (2048K)
 Metaspace       used 40663K, committed 41024K, reserved 1114112K
  class space    used 5014K, committed 5184K, reserved 1048576K
}
Event: 6.408 GC heap before
{Heap before GC invocations=16 (full 0):
 garbage-first heap   total 59392K, used 47052K [0x00000000c3600000, 0x0000000100000000)
  region size 1024K, 16 young (16384K), 2 survivors (2048K)
 Metaspace       used 40968K, committed 41280K, reserved 1114112K
  class space    used 5038K, committed 5184K, reserved 1048576K
}
Event: 6.418 GC heap after
{Heap after GC invocations=17 (full 0):
 garbage-first heap   total 59392K, used 35611K [0x00000000c3600000, 0x0000000100000000)
  region size 1024K, 2 young (2048K), 2 survivors (2048K)
 Metaspace       used 40968K, committed 41280K, reserved 1114112K
  class space    used 5038K, committed 5184K, reserved 1048576K
}
Event: 6.433 GC heap before
{Heap before GC invocations=17 (full 0):
 garbage-first heap   total 59392K, used 36635K [0x00000000c3600000, 0x0000000100000000)
  region size 1024K, 3 young (3072K), 2 survivors (2048K)
 Metaspace       used 40994K, committed 41280K, reserved 1114112K
  class space    used 5038K, committed 5184K, reserved 1048576K
}
Event: 6.438 GC heap after
{Heap after GC invocations=18 (full 0):
 garbage-first heap   total 59392K, used 36179K [0x00000000c3600000, 0x0000000100000000)
  region size 1024K, 1 young (1024K), 1 survivors (1024K)
 Metaspace       used 40994K, committed 41280K, reserved 1114112K
  class space    used 5038K, committed 5184K, reserved 1048576K
}
Event: 6.476 GC heap before
{Heap before GC invocations=18 (full 0):
 garbage-first heap   total 59392K, used 46419K [0x00000000c3600000, 0x0000000100000000)
  region size 1024K, 11 young (11264K), 1 survivors (1024K)
 Metaspace       used 41007K, committed 41280K, reserved 1114112K
  class space    used 5038K, committed 5184K, reserved 1048576K
}
Event: 6.480 GC heap after
{Heap after GC invocations=19 (full 0):
 garbage-first heap   total 59392K, used 36608K [0x00000000c3600000, 0x0000000100000000)
  region size 1024K, 1 young (1024K), 1 survivors (1024K)
 Metaspace       used 41007K, committed 41280K, reserved 1114112K
  class space    used 5038K, committed 5184K, reserved 1048576K
}
Event: 6.606 GC heap before
{Heap before GC invocations=20 (full 0):
 garbage-first heap   total 75776K, used 45824K [0x00000000c3600000, 0x0000000100000000)
  region size 1024K, 11 young (11264K), 1 survivors (1024K)
 Metaspace       used 41441K, committed 41728K, reserved 1114112K
  class space    used 5085K, committed 5248K, reserved 1048576K
}
Event: 6.611 GC heap after
{Heap after GC invocations=21 (full 0):
 garbage-first heap   total 75776K, used 37162K [0x00000000c3600000, 0x0000000100000000)
  region size 1024K, 2 young (2048K), 2 survivors (2048K)
 Metaspace       used 41441K, committed 41728K, reserved 1114112K
  class space    used 5085K, committed 5248K, reserved 1048576K
}
Event: 6.651 GC heap before
{Heap before GC invocations=21 (full 0):
 garbage-first heap   total 75776K, used 38186K [0x00000000c3600000, 0x0000000100000000)
  region size 1024K, 3 young (3072K), 2 survivors (2048K)
 Metaspace       used 41539K, committed 41856K, reserved 1114112K
  class space    used 5093K, committed 5248K, reserved 1048576K
}

