# JRE version: Java(TM) SE Runtime Environment (17.0.12+8) (build 17.0.12+8-LTS-286)
# Java VM: Java HotSpot(TM) 64-Bit Server VM (17.0.12+8-LTS-286, mixed mode, sharing, tiered, compressed oops, compressed class ptrs, g1 gc, windows-amd64)
GC Precious Log:
 CPUs: 4 total, 4 available
 Memory: 3877M
 Large Page Support: Disabled
 NUMA Support: Disabled
 Compressed Oops: Enabled (32-bit)
 Heap Region Size: 1M
 Heap Min Capacity: 256M
 Heap Initial Capacity: 256M
 Heap Max Capacity: 512M
 Pre-touch: Disabled
 Parallel Workers: 4
 Concurrent Workers: 1
 Concurrent Refinement Workers: 4
 Periodic GC: Disabled
Heap:
 garbage-first heap   total 262144K, used 140544K [0x00000000e0000000, 0x0000000100000000)
  region size 1024K, 36 young (36864K), 11 survivors (11264K)
 Metaspace       used 70561K, committed 71360K, reserved 393216K
  class space    used 10077K, committed 10496K, reserved 327680K
GC Heap History (20 events):
Event: 0.461 GC heap before
{Heap before GC invocations=0 (full 0):
 garbage-first heap   total 262144K, used 13312K [0x00000000e0000000, 0x0000000100000000)
  region size 1024K, 13 young (13312K), 0 survivors (0K)
 Metaspace       used 771K, committed 896K, reserved 393216K
  class space    used 61K, committed 128K, reserved 327680K
}
Event: 0.464 GC heap after
{Heap after GC invocations=1 (full 0):
 garbage-first heap   total 262144K, used 1312K [0x00000000e0000000, 0x0000000100000000)
  region size 1024K, 2 young (2048K), 2 survivors (2048K)
 Metaspace       used 771K, committed 896K, reserved 393216K
  class space    used 61K, committed 128K, reserved 327680K
}
Event: 1.415 GC heap before
{Heap before GC invocations=1 (full 0):
 garbage-first heap   total 262144K, used 23840K [0x00000000e0000000, 0x0000000100000000)
  region size 1024K, 21 young (21504K), 2 survivors (2048K)
 Metaspace       used 3130K, committed 3328K, reserved 393216K
  class space    used 387K, committed 512K, reserved 327680K
}
Event: 1.421 GC heap after
{Heap after GC invocations=2 (full 0):
 garbage-first heap   total 262144K, used 10761K [0x00000000e0000000, 0x0000000100000000)
  region size 1024K, 3 young (3072K), 3 survivors (3072K)
 Metaspace       used 3130K, committed 3328K, reserved 393216K
  class space    used 387K, committed 512K, reserved 327680K
}
Event: 6.887 GC heap before
{Heap before GC invocations=2 (full 0):
 garbage-first heap   total 262144K, used 166409K [0x00000000e0000000, 0x0000000100000000)
  region size 1024K, 153 young (156672K), 3 survivors (3072K)
 Metaspace       used 19265K, committed 19520K, reserved 393216K
  class space    used 2793K, committed 2944K, reserved 327680K
}
Event: 6.923 GC heap after
{Heap after GC invocations=3 (full 0):
 garbage-first heap   total 262144K, used 22882K [0x00000000e0000000, 0x0000000100000000)
  region size 1024K, 14 young (14336K), 14 survivors (14336K)
 Metaspace       used 19265K, committed 19520K, reserved 393216K
  class space    used 2793K, committed 2944K, reserved 327680K
}
Event: 11.350 GC heap before
{Heap before GC invocations=3 (full 0):
 garbage-first heap   total 262144K, used 39266K [0x00000000e0000000, 0x0000000100000000)
  region size 1024K, 31 young (31744K), 14 survivors (14336K)
 Metaspace       used 21169K, committed 21504K, reserved 393216K
  class space    used 3084K, committed 3264K, reserved 327680K
}
Event: 11.363 GC heap after
{Heap after GC invocations=4 (full 0):
 garbage-first heap   total 262144K, used 24682K [0x00000000e0000000, 0x0000000100000000)
  region size 1024K, 2 young (2048K), 2 survivors (2048K)
 Metaspace       used 21169K, committed 21504K, reserved 393216K
  class space    used 3084K, committed 3264K, reserved 327680K
}
Event: 14.137 GC heap before
{Heap before GC invocations=5 (full 0):
 garbage-first heap   total 262144K, used 156778K [0x00000000e0000000, 0x0000000100000000)
  region size 1024K, 123 young (125952K), 2 survivors (2048K)
 Metaspace       used 35572K, committed 35968K, reserved 393216K
  class space    used 5072K, committed 5248K, reserved 327680K
}
Event: 14.148 GC heap after
{Heap after GC invocations=6 (full 0):
 garbage-first heap   total 262144K, used 44769K [0x00000000e0000000, 0x0000000100000000)
  region size 1024K, 12 young (12288K), 12 survivors (12288K)
 Metaspace       used 35572K, committed 35968K, reserved 393216K
  class space    used 5072K, committed 5248K, reserved 327680K
}
Event: 16.948 GC heap before
{Heap before GC invocations=7 (full 0):
 garbage-first heap   total 262144K, used 207585K [0x00000000e0000000, 0x0000000100000000)
  region size 1024K, 153 young (156672K), 12 survivors (12288K)
 Metaspace       used 47509K, committed 48128K, reserved 393216K
  class space    used 6675K, committed 6976K, reserved 327680K
}
Event: 16.968 GC heap after
{Heap after GC invocations=8 (full 0):
 garbage-first heap   total 262144K, used 66999K [0x00000000e0000000, 0x0000000100000000)
  region size 1024K, 20 young (20480K), 20 survivors (20480K)
 Metaspace       used 47509K, committed 48128K, reserved 393216K
  class space    used 6675K, committed 6976K, reserved 327680K
}
Event: 16.995 GC heap before
{Heap before GC invocations=8 (full 0):
 garbage-first heap   total 262144K, used 68023K [0x00000000e0000000, 0x0000000100000000)
  region size 1024K, 21 young (21504K), 20 survivors (20480K)
 Metaspace       used 47583K, committed 48192K, reserved 393216K
  class space    used 6687K, committed 6976K, reserved 327680K
}
Event: 17.010 GC heap after
{Heap after GC invocations=9 (full 0):
 garbage-first heap   total 262144K, used 68667K [0x00000000e0000000, 0x0000000100000000)
  region size 1024K, 2 young (2048K), 2 survivors (2048K)
 Metaspace       used 47583K, committed 48192K, reserved 393216K
  class space    used 6687K, committed 6976K, reserved 327680K
}
Event: 19.880 GC heap before
{Heap before GC invocations=9 (full 0):
 garbage-first heap   total 262144K, used 213051K [0x00000000e0000000, 0x0000000100000000)
  region size 1024K, 132 young (135168K), 2 survivors (2048K)
 Metaspace       used 56277K, committed 57024K, reserved 393216K
  class space    used 7905K, committed 8256K, reserved 327680K
}
Event: 19.891 GC heap after
{Heap after GC invocations=10 (full 0):
 garbage-first heap   total 262144K, used 90888K [0x00000000e0000000, 0x0000000100000000)
  region size 1024K, 12 young (12288K), 12 survivors (12288K)
 Metaspace       used 56277K, committed 57024K, reserved 393216K
  class space    used 7905K, committed 8256K, reserved 327680K
}
Event: 20.251 GC heap before
{Heap before GC invocations=10 (full 0):
 garbage-first heap   total 262144K, used 122632K [0x00000000e0000000, 0x0000000100000000)
  region size 1024K, 44 young (45056K), 12 survivors (12288K)
 Metaspace       used 59751K, committed 60416K, reserved 393216K
  class space    used 8366K, committed 8704K, reserved 327680K
}
Event: 20.260 GC heap after
{Heap after GC invocations=11 (full 0):
 garbage-first heap   total 262144K, used 93028K [0x00000000e0000000, 0x0000000100000000)
  region size 1024K, 3 young (3072K), 3 survivors (3072K)
 Metaspace       used 59751K, committed 60416K, reserved 393216K
  class space    used 8366K, committed 8704K, reserved 327680K
}
Event: 22.803 GC heap before
{Heap before GC invocations=12 (full 0):
 garbage-first heap   total 262144K, used 220004K [0x00000000e0000000, 0x0000000100000000)
  region size 1024K, 114 young (116736K), 3 survivors (3072K)
 Metaspace       used 68658K, committed 69376K, reserved 393216K
  class space    used 9778K, committed 10112K, reserved 327680K
}
Event: 22.818 GC heap after
{Heap after GC invocations=13 (full 0):
 garbage-first heap   total 262144K, used 115968K [0x00000000e0000000, 0x0000000100000000)
  region size 1024K, 11 young (11264K), 11 survivors (11264K)
 Metaspace       used 68658K, committed 69376K, reserved 393216K
  class space    used 9778K, committed 10112K, reserved 327680K
}

