# JRE version: Java(TM) SE Runtime Environment (17.0.12+8) (build 17.0.12+8-LTS-286)
# Java VM: Java HotSpot(TM) 64-Bit Server VM (17.0.12+8-LTS-286, mixed mode, sharing, tiered, compressed oops, compressed class ptrs, g1 gc, windows-amd64)
GC Precious Log:
 CPUs: 4 total, 4 available
 Memory: 3877M
 Large Page Support: Disabled
 NUMA Support: Disabled
 Compressed Oops: Enabled (32-bit)
 Heap Region Size: 1M
 Heap Min Capacity: 8M
 Heap Initial Capacity: 62M
 Heap Max Capacity: 970M
 Pre-touch: Disabled
 Parallel Workers: 4
 Concurrent Workers: 1
 Concurrent Refinement Workers: 4
 Periodic GC: Disabled
Heap:
 garbage-first heap   total 61440K, used 37261K [0x00000000c3600000, 0x0000000100000000)
  region size 1024K, 5 young (5120K), 2 survivors (2048K)
 Metaspace       used 66977K, committed 67520K, reserved 1114112K
  class space    used 8958K, committed 9216K, reserved 1048576K
GC Heap History (20 events):
Event: 12.975 GC heap before
{Heap before GC invocations=11 (full 0):
 garbage-first heap   total 58368K, used 40403K [0x00000000c3600000, 0x0000000100000000)
  region size 1024K, 23 young (23552K), 4 survivors (4096K)
 Metaspace       used 35614K, committed 35968K, reserved 1114112K
  class space    used 4391K, committed 4544K, reserved 1048576K
}
Event: 12.988 GC heap after
{Heap after GC invocations=12 (full 0):
 garbage-first heap   total 58368K, used 23720K [0x00000000c3600000, 0x0000000100000000)
  region size 1024K, 4 young (4096K), 4 survivors (4096K)
 Metaspace       used 35614K, committed 35968K, reserved 1114112K
  class space    used 4391K, committed 4544K, reserved 1048576K
}
Event: 13.945 GC heap before
{Heap before GC invocations=13 (full 0):
 garbage-first heap   total 58368K, used 45224K [0x00000000c3600000, 0x0000000100000000)
  region size 1024K, 24 young (24576K), 4 survivors (4096K)
 Metaspace       used 38011K, committed 38464K, reserved 1114112K
  class space    used 4713K, committed 4928K, reserved 1048576K
}
Event: 13.951 GC heap after
{Heap after GC invocations=14 (full 0):
 garbage-first heap   total 58368K, used 24654K [0x00000000c3600000, 0x0000000100000000)
  region size 1024K, 2 young (2048K), 2 survivors (2048K)
 Metaspace       used 38011K, committed 38464K, reserved 1114112K
  class space    used 4713K, committed 4928K, reserved 1048576K
}
Event: 14.901 GC heap before
{Heap before GC invocations=14 (full 0):
 garbage-first heap   total 58368K, used 45134K [0x00000000c3600000, 0x0000000100000000)
  region size 1024K, 22 young (22528K), 2 survivors (2048K)
 Metaspace       used 42081K, committed 42496K, reserved 1114112K
  class space    used 5378K, committed 5568K, reserved 1048576K
}
Event: 14.905 GC heap after
{Heap after GC invocations=15 (full 0):
 garbage-first heap   total 58368K, used 25299K [0x00000000c3600000, 0x0000000100000000)
  region size 1024K, 2 young (2048K), 2 survivors (2048K)
 Metaspace       used 42081K, committed 42496K, reserved 1114112K
  class space    used 5378K, committed 5568K, reserved 1048576K
}
Event: 15.619 GC heap before
{Heap before GC invocations=15 (full 0):
 garbage-first heap   total 58368K, used 45779K [0x00000000c3600000, 0x0000000100000000)
  region size 1024K, 23 young (23552K), 2 survivors (2048K)
 Metaspace       used 47148K, committed 47616K, reserved 1114112K
  class space    used 6071K, committed 6272K, reserved 1048576K
}
Event: 15.623 GC heap after
{Heap after GC invocations=16 (full 0):
 garbage-first heap   total 58368K, used 27249K [0x00000000c3600000, 0x0000000100000000)
  region size 1024K, 3 young (3072K), 3 survivors (3072K)
 Metaspace       used 47148K, committed 47616K, reserved 1114112K
  class space    used 6071K, committed 6272K, reserved 1048576K
}
Event: 16.248 GC heap before
{Heap before GC invocations=16 (full 0):
 garbage-first heap   total 58368K, used 45681K [0x00000000c3600000, 0x0000000100000000)
  region size 1024K, 22 young (22528K), 3 survivors (3072K)
 Metaspace       used 51078K, committed 51520K, reserved 1114112K
  class space    used 6587K, committed 6784K, reserved 1048576K
}
Event: 16.252 GC heap after
{Heap after GC invocations=17 (full 0):
 garbage-first heap   total 58368K, used 28605K [0x00000000c3600000, 0x0000000100000000)
  region size 1024K, 2 young (2048K), 2 survivors (2048K)
 Metaspace       used 51078K, committed 51520K, reserved 1114112K
  class space    used 6587K, committed 6784K, reserved 1048576K
}
Event: 16.725 GC heap before
{Heap before GC invocations=17 (full 0):
 garbage-first heap   total 58368K, used 44989K [0x00000000c3600000, 0x0000000100000000)
  region size 1024K, 19 young (19456K), 2 survivors (2048K)
 Metaspace       used 56151K, committed 56640K, reserved 1114112K
  class space    used 7376K, committed 7616K, reserved 1048576K
}
Event: 16.728 GC heap after
{Heap after GC invocations=18 (full 0):
 garbage-first heap   total 58368K, used 29209K [0x00000000c3600000, 0x0000000100000000)
  region size 1024K, 3 young (3072K), 3 survivors (3072K)
 Metaspace       used 56151K, committed 56640K, reserved 1114112K
  class space    used 7376K, committed 7616K, reserved 1048576K
}
Event: 17.247 GC heap before
{Heap before GC invocations=19 (full 0):
 garbage-first heap   total 58368K, used 46617K [0x00000000c3600000, 0x0000000100000000)
  region size 1024K, 20 young (20480K), 3 survivors (3072K)
 Metaspace       used 59644K, committed 60096K, reserved 1114112K
  class space    used 7991K, committed 8192K, reserved 1048576K
}
Event: 17.250 GC heap after
{Heap after GC invocations=20 (full 0):
 garbage-first heap   total 58368K, used 30047K [0x00000000c3600000, 0x0000000100000000)
  region size 1024K, 2 young (2048K), 2 survivors (2048K)
 Metaspace       used 59644K, committed 60096K, reserved 1114112K
  class space    used 7991K, committed 8192K, reserved 1048576K
}
Event: 17.860 GC heap before
{Heap before GC invocations=20 (full 0):
 garbage-first heap   total 58368K, used 46431K [0x00000000c3600000, 0x0000000100000000)
  region size 1024K, 19 young (19456K), 2 survivors (2048K)
 Metaspace       used 62708K, committed 63168K, reserved 1114112K
  class space    used 8362K, committed 8576K, reserved 1048576K
}
Event: 17.865 GC heap after
{Heap after GC invocations=21 (full 0):
 garbage-first heap   total 58368K, used 31492K [0x00000000c3600000, 0x0000000100000000)
  region size 1024K, 3 young (3072K), 3 survivors (3072K)
 Metaspace       used 62708K, committed 63168K, reserved 1114112K
  class space    used 8362K, committed 8576K, reserved 1048576K
}
Event: 18.615 GC heap before
{Heap before GC invocations=22 (full 0):
 garbage-first heap   total 58368K, used 47876K [0x00000000c3600000, 0x0000000100000000)
  region size 1024K, 19 young (19456K), 3 survivors (3072K)
 Metaspace       used 65493K, committed 65984K, reserved 1114112K
  class space    used 8768K, committed 8960K, reserved 1048576K
}
Event: 18.621 GC heap after
{Heap after GC invocations=23 (full 0):
 garbage-first heap   total 58368K, used 33282K [0x00000000c3600000, 0x0000000100000000)
  region size 1024K, 2 young (2048K), 2 survivors (2048K)
 Metaspace       used 65493K, committed 65984K, reserved 1114112K
  class space    used 8768K, committed 8960K, reserved 1048576K
}
Event: 19.086 GC heap before
{Heap before GC invocations=23 (full 0):
 garbage-first heap   total 58368K, used 47618K [0x00000000c3600000, 0x0000000100000000)
  region size 1024K, 16 young (16384K), 2 survivors (2048K)
 Metaspace       used 66816K, committed 67328K, reserved 1114112K
  class space    used 8954K, committed 9216K, reserved 1048576K
}
Event: 19.092 GC heap after
{Heap after GC invocations=24 (full 0):
 garbage-first heap   total 58368K, used 35213K [0x00000000c3600000, 0x0000000100000000)
  region size 1024K, 2 young (2048K), 2 survivors (2048K)
 Metaspace       used 66816K, committed 67328K, reserved 1114112K
  class space    used 8954K, committed 9216K, reserved 1048576K
}

