# JRE version: Java(TM) SE Runtime Environment (17.0.12+8) (build 17.0.12+8-LTS-286)
# Java VM: Java HotSpot(TM) 64-Bit Server VM (17.0.12+8-LTS-286, mixed mode, sharing, tiered, compressed oops, compressed class ptrs, g1 gc, windows-amd64)
GC Precious Log:
 CPUs: 4 total, 4 available
 Memory: 3877M
 Large Page Support: Disabled
 NUMA Support: Disabled
 Compressed Oops: Enabled (32-bit)
 Heap Region Size: 1M
 Heap Min Capacity: 256M
 Heap Initial Capacity: 256M
 Heap Max Capacity: 512M
 Pre-touch: Disabled
 Parallel Workers: 4
 Concurrent Workers: 1
 Concurrent Refinement Workers: 4
 Periodic GC: Disabled
Heap:
 garbage-first heap   total 295936K, used 194918K [0x00000000e0000000, 0x0000000100000000)
  region size 1024K, 10 young (10240K), 7 survivors (7168K)
 Metaspace       used 93420K, committed 95104K, reserved 458752K
  class space    used 12509K, committed 13184K, reserved 327680K
GC Heap History (20 events):
Event: 47.667 GC heap before
{Heap before GC invocations=29 (full 0):
 garbage-first heap   total 262144K, used 216884K [0x00000000e0000000, 0x0000000100000000)
  region size 1024K, 65 young (66560K), 6 survivors (6144K)
 Metaspace       used 87605K, committed 88448K, reserved 458752K
  class space    used 11903K, committed 12288K, reserved 327680K
}
Event: 47.677 GC heap after
{Heap after GC invocations=30 (full 0):
 garbage-first heap   total 262144K, used 159257K [0x00000000e0000000, 0x0000000100000000)
  region size 1024K, 6 young (6144K), 6 survivors (6144K)
 Metaspace       used 87605K, committed 88448K, reserved 458752K
  class space    used 11903K, committed 12288K, reserved 327680K
}
Event: 48.120 GC heap before
{Heap before GC invocations=30 (full 0):
 garbage-first heap   total 262144K, used 217625K [0x00000000e0000000, 0x0000000100000000)
  region size 1024K, 63 young (64512K), 6 survivors (6144K)
 Metaspace       used 87605K, committed 88448K, reserved 458752K
  class space    used 11903K, committed 12288K, reserved 327680K
}
Event: 48.128 GC heap after
{Heap after GC invocations=31 (full 0):
 garbage-first heap   total 262144K, used 161739K [0x00000000e0000000, 0x0000000100000000)
  region size 1024K, 5 young (5120K), 5 survivors (5120K)
 Metaspace       used 87605K, committed 88448K, reserved 458752K
  class space    used 11903K, committed 12288K, reserved 327680K
}
Event: 48.805 GC heap before
{Heap before GC invocations=32 (full 0):
 garbage-first heap   total 295936K, used 217035K [0x00000000e0000000, 0x0000000100000000)
  region size 1024K, 59 young (60416K), 5 survivors (5120K)
 Metaspace       used 87605K, committed 88448K, reserved 458752K
  class space    used 11903K, committed 12288K, reserved 327680K
}
Event: 48.819 GC heap after
{Heap after GC invocations=33 (full 0):
 garbage-first heap   total 295936K, used 165194K [0x00000000e0000000, 0x0000000100000000)
  region size 1024K, 6 young (6144K), 6 survivors (6144K)
 Metaspace       used 87605K, committed 88448K, reserved 458752K
  class space    used 11903K, committed 12288K, reserved 327680K
}
Event: 48.874 GC heap before
{Heap before GC invocations=33 (full 0):
 garbage-first heap   total 295936K, used 173386K [0x00000000e0000000, 0x0000000100000000)
  region size 1024K, 14 young (14336K), 6 survivors (6144K)
 Metaspace       used 87605K, committed 88448K, reserved 458752K
  class space    used 11903K, committed 12288K, reserved 327680K
}
Event: 48.884 GC heap after
{Heap after GC invocations=34 (full 0):
 garbage-first heap   total 295936K, used 164085K [0x00000000e0000000, 0x0000000100000000)
  region size 1024K, 2 young (2048K), 2 survivors (2048K)
 Metaspace       used 87605K, committed 88448K, reserved 458752K
  class space    used 11903K, committed 12288K, reserved 327680K
}
Event: 62.993 GC heap before
{Heap before GC invocations=34 (full 0):
 garbage-first heap   total 295936K, used 239861K [0x00000000e0000000, 0x0000000100000000)
  region size 1024K, 77 young (78848K), 2 survivors (2048K)
 Metaspace       used 90439K, committed 91328K, reserved 458752K
  class space    used 12231K, committed 12608K, reserved 327680K
}
Event: 63.013 GC heap after
{Heap after GC invocations=35 (full 0):
 garbage-first heap   total 295936K, used 169769K [0x00000000e0000000, 0x0000000100000000)
  region size 1024K, 8 young (8192K), 8 survivors (8192K)
 Metaspace       used 90439K, committed 91328K, reserved 458752K
  class space    used 12231K, committed 12608K, reserved 327680K
}
Event: 1564.568 GC heap before
{Heap before GC invocations=35 (full 0):
 garbage-first heap   total 295936K, used 240425K [0x00000000e0000000, 0x0000000100000000)
  region size 1024K, 78 young (79872K), 8 survivors (8192K)
 Metaspace       used 91498K, committed 92352K, reserved 458752K
  class space    used 12357K, committed 12736K, reserved 327680K
}
Event: 1564.803 GC heap after
{Heap after GC invocations=36 (full 0):
 garbage-first heap   total 295936K, used 170537K [0x00000000e0000000, 0x0000000100000000)
  region size 1024K, 2 young (2048K), 2 survivors (2048K)
 Metaspace       used 91498K, committed 92352K, reserved 458752K
  class space    used 12357K, committed 12736K, reserved 327680K
}
Event: 2839.039 GC heap before
{Heap before GC invocations=36 (full 0):
 garbage-first heap   total 295936K, used 245289K [0x00000000e0000000, 0x0000000100000000)
  region size 1024K, 75 young (76800K), 2 survivors (2048K)
 Metaspace       used 92731K, committed 93760K, reserved 458752K
  class space    used 12537K, committed 13056K, reserved 327680K
}
Event: 2839.073 GC heap after
{Heap after GC invocations=37 (full 0):
 garbage-first heap   total 295936K, used 172990K [0x00000000e0000000, 0x0000000100000000)
  region size 1024K, 4 young (4096K), 4 survivors (4096K)
 Metaspace       used 92731K, committed 93760K, reserved 458752K
  class space    used 12537K, committed 13056K, reserved 327680K
}
Event: 2868.822 GC heap before
{Heap before GC invocations=37 (full 0):
 garbage-first heap   total 295936K, used 246718K [0x00000000e0000000, 0x0000000100000000)
  region size 1024K, 77 young (78848K), 4 survivors (4096K)
 Metaspace       used 93790K, committed 94848K, reserved 458752K
  class space    used 12645K, committed 13184K, reserved 327680K
}
Event: 2868.961 GC heap after
{Heap after GC invocations=38 (full 0):
 garbage-first heap   total 295936K, used 179000K [0x00000000e0000000, 0x0000000100000000)
  region size 1024K, 10 young (10240K), 10 survivors (10240K)
 Metaspace       used 93790K, committed 94848K, reserved 458752K
  class space    used 12645K, committed 13184K, reserved 327680K
}
Event: 2879.961 GC heap before
{Heap before GC invocations=38 (full 0):
 garbage-first heap   total 295936K, used 248632K [0x00000000e0000000, 0x0000000100000000)
  region size 1024K, 78 young (79872K), 10 survivors (10240K)
 Metaspace       used 94028K, committed 95040K, reserved 458752K
  class space    used 12647K, committed 13184K, reserved 327680K
}
Event: 2880.061 GC heap after
{Heap after GC invocations=39 (full 0):
 garbage-first heap   total 295936K, used 186560K [0x00000000e0000000, 0x0000000100000000)
  region size 1024K, 8 young (8192K), 8 survivors (8192K)
 Metaspace       used 94028K, committed 95040K, reserved 458752K
  class space    used 12647K, committed 13184K, reserved 327680K
}
Event: 2882.433 GC heap before
{Heap before GC invocations=39 (full 0):
 garbage-first heap   total 295936K, used 248000K [0x00000000e0000000, 0x0000000100000000)
  region size 1024K, 69 young (70656K), 8 survivors (8192K)
 Metaspace       used 94059K, committed 95104K, reserved 458752K
  class space    used 12647K, committed 13184K, reserved 327680K
}
Event: 2882.470 GC heap after
{Heap after GC invocations=40 (full 0):
 garbage-first heap   total 295936K, used 192870K [0x00000000e0000000, 0x0000000100000000)
  region size 1024K, 7 young (7168K), 7 survivors (7168K)
 Metaspace       used 94059K, committed 95104K, reserved 458752K
  class space    used 12647K, committed 13184K, reserved 327680K
}

