# JRE version: Java(TM) SE Runtime Environment (17.0.12+8) (build 17.0.12+8-LTS-286)
# Java VM: Java HotSpot(TM) 64-Bit Server VM (17.0.12+8-LTS-286, mixed mode, sharing, tiered, compressed oops, compressed class ptrs, g1 gc, windows-amd64)
GC Precious Log:
 CPUs: 4 total, 4 available
 Memory: 3877M
 Large Page Support: Disabled
 NUMA Support: Disabled
 Compressed Oops: Enabled (32-bit)
 Heap Region Size: 1M
 Heap Min Capacity: 8M
 Heap Initial Capacity: 62M
 Heap Max Capacity: 970M
 Pre-touch: Disabled
 Parallel Workers: 4
 Concurrent Workers: 1
 Concurrent Refinement Workers: 4
 Periodic GC: Disabled
Heap:
 garbage-first heap   total 89088K, used 51410K [0x00000000c3600000, 0x0000000100000000)
  region size 1024K, 9 young (9216K), 3 survivors (3072K)
 Metaspace       used 86089K, committed 86656K, reserved 1179648K
  class space    used 11689K, committed 11968K, reserved 1048576K
GC Heap History (20 events):
Event: 16.463 GC heap before
{Heap before GC invocations=23 (full 0):
 garbage-first heap   total 55296K, used 44569K [0x00000000c3600000, 0x0000000100000000)
  region size 1024K, 17 young (17408K), 2 survivors (2048K)
 Metaspace       used 62512K, committed 62976K, reserved 1114112K
  class space    used 8329K, committed 8576K, reserved 1048576K
}
Event: 16.470 GC heap after
{Heap after GC invocations=24 (full 0):
 garbage-first heap   total 55296K, used 31872K [0x00000000c3600000, 0x0000000100000000)
  region size 1024K, 3 young (3072K), 3 survivors (3072K)
 Metaspace       used 62512K, committed 62976K, reserved 1114112K
  class space    used 8329K, committed 8576K, reserved 1048576K
}
Event: 17.018 GC heap before
{Heap before GC invocations=25 (full 0):
 garbage-first heap   total 58368K, used 45184K [0x00000000c3600000, 0x0000000100000000)
  region size 1024K, 16 young (16384K), 3 survivors (3072K)
 Metaspace       used 64520K, committed 65088K, reserved 1114112K
  class space    used 8642K, committed 8896K, reserved 1048576K
}
Event: 17.024 GC heap after
{Heap after GC invocations=26 (full 0):
 garbage-first heap   total 58368K, used 33205K [0x00000000c3600000, 0x0000000100000000)
  region size 1024K, 2 young (2048K), 2 survivors (2048K)
 Metaspace       used 64520K, committed 65088K, reserved 1114112K
  class space    used 8642K, committed 8896K, reserved 1048576K
}
Event: 17.482 GC heap before
{Heap before GC invocations=26 (full 0):
 garbage-first heap   total 58368K, used 47541K [0x00000000c3600000, 0x0000000100000000)
  region size 1024K, 16 young (16384K), 2 survivors (2048K)
 Metaspace       used 66436K, committed 66944K, reserved 1114112K
  class space    used 8914K, committed 9152K, reserved 1048576K
}
Event: 17.488 GC heap after
{Heap after GC invocations=27 (full 0):
 garbage-first heap   total 58368K, used 35022K [0x00000000c3600000, 0x0000000100000000)
  region size 1024K, 2 young (2048K), 2 survivors (2048K)
 Metaspace       used 66436K, committed 66944K, reserved 1114112K
  class space    used 8914K, committed 9152K, reserved 1048576K
}
Event: 17.884 GC heap before
{Heap before GC invocations=28 (full 0):
 garbage-first heap   total 63488K, used 45262K [0x00000000c3600000, 0x0000000100000000)
  region size 1024K, 13 young (13312K), 2 survivors (2048K)
 Metaspace       used 67227K, committed 67776K, reserved 1114112K
  class space    used 8995K, committed 9280K, reserved 1048576K
}
Event: 17.890 GC heap after
{Heap after GC invocations=29 (full 0):
 garbage-first heap   total 63488K, used 37015K [0x00000000c3600000, 0x0000000100000000)
  region size 1024K, 2 young (2048K), 2 survivors (2048K)
 Metaspace       used 67227K, committed 67776K, reserved 1114112K
  class space    used 8995K, committed 9280K, reserved 1048576K
}
Event: 18.261 GC heap before
{Heap before GC invocations=29 (full 0):
 garbage-first heap   total 63488K, used 50327K [0x00000000c3600000, 0x0000000100000000)
  region size 1024K, 15 young (15360K), 2 survivors (2048K)
 Metaspace       used 69436K, committed 70016K, reserved 1114112K
  class space    used 9374K, committed 9664K, reserved 1048576K
}
Event: 18.265 GC heap after
{Heap after GC invocations=30 (full 0):
 garbage-first heap   total 63488K, used 38495K [0x00000000c3600000, 0x0000000100000000)
  region size 1024K, 2 young (2048K), 2 survivors (2048K)
 Metaspace       used 69436K, committed 70016K, reserved 1114112K
  class space    used 9374K, committed 9664K, reserved 1048576K
}
Event: 18.456 GC heap before
{Heap before GC invocations=31 (full 0):
 garbage-first heap   total 71680K, used 49759K [0x00000000c3600000, 0x0000000100000000)
  region size 1024K, 14 young (14336K), 2 survivors (2048K)
 Metaspace       used 70357K, committed 70912K, reserved 1114112K
  class space    used 9633K, committed 9920K, reserved 1048576K
}
Event: 18.460 GC heap after
{Heap after GC invocations=32 (full 0):
 garbage-first heap   total 71680K, used 39408K [0x00000000c3600000, 0x0000000100000000)
  region size 1024K, 1 young (1024K), 1 survivors (1024K)
 Metaspace       used 70357K, committed 70912K, reserved 1114112K
  class space    used 9633K, committed 9920K, reserved 1048576K
}
Event: 18.815 GC heap before
{Heap before GC invocations=32 (full 0):
 garbage-first heap   total 71680K, used 56816K [0x00000000c3600000, 0x0000000100000000)
  region size 1024K, 19 young (19456K), 1 survivors (1024K)
 Metaspace       used 72104K, committed 72640K, reserved 1114112K
  class space    used 9876K, committed 10176K, reserved 1048576K
}
Event: 18.818 GC heap after
{Heap after GC invocations=33 (full 0):
 garbage-first heap   total 71680K, used 40395K [0x00000000c3600000, 0x0000000100000000)
  region size 1024K, 2 young (2048K), 2 survivors (2048K)
 Metaspace       used 72104K, committed 72640K, reserved 1114112K
  class space    used 9876K, committed 10176K, reserved 1048576K
}
Event: 19.483 GC heap before
{Heap before GC invocations=34 (full 0):
 garbage-first heap   total 73728K, used 57803K [0x00000000c3600000, 0x0000000100000000)
  region size 1024K, 19 young (19456K), 2 survivors (2048K)
 Metaspace       used 74543K, committed 75136K, reserved 1179648K
  class space    used 10230K, committed 10496K, reserved 1048576K
}
Event: 19.492 GC heap after
{Heap after GC invocations=35 (full 0):
 garbage-first heap   total 73728K, used 42012K [0x00000000c3600000, 0x0000000100000000)
  region size 1024K, 3 young (3072K), 3 survivors (3072K)
 Metaspace       used 74543K, committed 75136K, reserved 1179648K
  class space    used 10230K, committed 10496K, reserved 1048576K
}
Event: 22.282 GC heap before
{Heap before GC invocations=35 (full 0):
 garbage-first heap   total 73728K, used 59420K [0x00000000c3600000, 0x0000000100000000)
  region size 1024K, 20 young (20480K), 3 survivors (3072K)
 Metaspace       used 81615K, committed 82176K, reserved 1179648K
  class space    used 11069K, committed 11328K, reserved 1048576K
}
Event: 22.289 GC heap after
{Heap after GC invocations=36 (full 0):
 garbage-first heap   total 89088K, used 44298K [0x00000000c3600000, 0x0000000100000000)
  region size 1024K, 3 young (3072K), 3 survivors (3072K)
 Metaspace       used 81615K, committed 82176K, reserved 1179648K
  class space    used 11069K, committed 11328K, reserved 1048576K
}
Event: 23.591 GC heap before
{Heap before GC invocations=37 (full 0):
 garbage-first heap   total 89088K, used 70922K [0x00000000c3600000, 0x0000000100000000)
  region size 1024K, 29 young (29696K), 3 survivors (3072K)
 Metaspace       used 84794K, committed 85440K, reserved 1179648K
  class space    used 11521K, committed 11840K, reserved 1048576K
}
Event: 23.601 GC heap after
{Heap after GC invocations=38 (full 0):
 garbage-first heap   total 89088K, used 47314K [0x00000000c3600000, 0x0000000100000000)
  region size 1024K, 3 young (3072K), 3 survivors (3072K)
 Metaspace       used 84794K, committed 85440K, reserved 1179648K
  class space    used 11521K, committed 11840K, reserved 1048576K
}

