# JRE version: Java(TM) SE Runtime Environment (17.0.12+8) (build 17.0.12+8-LTS-286)
# Java VM: Java HotSpot(TM) 64-Bit Server VM (17.0.12+8-LTS-286, mixed mode, sharing, tiered, compressed oops, compressed class ptrs, g1 gc, windows-amd64)
GC Precious Log:
 CPUs: 4 total, 4 available
 Memory: 3877M
 Large Page Support: Disabled
 NUMA Support: Disabled
 Compressed Oops: Enabled (32-bit)
 Heap Region Size: 1M
 Heap Min Capacity: 256M
 Heap Initial Capacity: 256M
 Heap Max Capacity: 512M
 Pre-touch: Disabled
 Parallel Workers: 4
 Concurrent Workers: 1
 Concurrent Refinement Workers: 4
 Periodic GC: Disabled
Heap:
 garbage-first heap   total 262144K, used 177812K [0x00000000e0000000, 0x0000000100000000)
  region size 1024K, 102 young (104448K), 2 survivors (2048K)
 Metaspace       used 52820K, committed 53504K, reserved 393216K
  class space    used 7438K, committed 7744K, reserved 327680K
GC Heap History (14 events):
Event: 0.487 GC heap before
{Heap before GC invocations=0 (full 0):
 garbage-first heap   total 262144K, used 13312K [0x00000000e0000000, 0x0000000100000000)
  region size 1024K, 13 young (13312K), 0 survivors (0K)
 Metaspace       used 773K, committed 896K, reserved 393216K
  class space    used 61K, committed 128K, reserved 327680K
}
Event: 0.492 GC heap after
{Heap after GC invocations=1 (full 0):
 garbage-first heap   total 262144K, used 1284K [0x00000000e0000000, 0x0000000100000000)
  region size 1024K, 2 young (2048K), 2 survivors (2048K)
 Metaspace       used 773K, committed 896K, reserved 393216K
  class space    used 61K, committed 128K, reserved 327680K
}
Event: 1.159 GC heap before
{Heap before GC invocations=1 (full 0):
 garbage-first heap   total 262144K, used 23812K [0x00000000e0000000, 0x0000000100000000)
  region size 1024K, 21 young (21504K), 2 survivors (2048K)
 Metaspace       used 3087K, committed 3328K, reserved 393216K
  class space    used 378K, committed 512K, reserved 327680K
}
Event: 1.164 GC heap after
{Heap after GC invocations=2 (full 0):
 garbage-first heap   total 262144K, used 10568K [0x00000000e0000000, 0x0000000100000000)
  region size 1024K, 3 young (3072K), 3 survivors (3072K)
 Metaspace       used 3087K, committed 3328K, reserved 393216K
  class space    used 378K, committed 512K, reserved 327680K
}
Event: 4.786 GC heap before
{Heap before GC invocations=2 (full 0):
 garbage-first heap   total 262144K, used 166216K [0x00000000e0000000, 0x0000000100000000)
  region size 1024K, 153 young (156672K), 3 survivors (3072K)
 Metaspace       used 19321K, committed 19648K, reserved 393216K
  class space    used 2802K, committed 2944K, reserved 327680K
}
Event: 4.813 GC heap after
{Heap after GC invocations=3 (full 0):
 garbage-first heap   total 262144K, used 23604K [0x00000000e0000000, 0x0000000100000000)
  region size 1024K, 15 young (15360K), 15 survivors (15360K)
 Metaspace       used 19321K, committed 19648K, reserved 393216K
  class space    used 2802K, committed 2944K, reserved 327680K
}
Event: 5.248 GC heap before
{Heap before GC invocations=3 (full 0):
 garbage-first heap   total 262144K, used 39988K [0x00000000e0000000, 0x0000000100000000)
  region size 1024K, 32 young (32768K), 15 survivors (15360K)
 Metaspace       used 21135K, committed 21504K, reserved 393216K
  class space    used 3083K, committed 3264K, reserved 327680K
}
Event: 5.262 GC heap after
{Heap after GC invocations=4 (full 0):
 garbage-first heap   total 262144K, used 25296K [0x00000000e0000000, 0x0000000100000000)
  region size 1024K, 2 young (2048K), 2 survivors (2048K)
 Metaspace       used 21135K, committed 21504K, reserved 393216K
  class space    used 3083K, committed 3264K, reserved 327680K
}
Event: 8.120 GC heap before
{Heap before GC invocations=5 (full 0):
 garbage-first heap   total 262144K, used 157392K [0x00000000e0000000, 0x0000000100000000)
  region size 1024K, 123 young (125952K), 2 survivors (2048K)
 Metaspace       used 35529K, committed 35968K, reserved 393216K
  class space    used 5071K, committed 5248K, reserved 327680K
}
Event: 8.132 GC heap after
{Heap after GC invocations=6 (full 0):
 garbage-first heap   total 262144K, used 45407K [0x00000000e0000000, 0x0000000100000000)
  region size 1024K, 12 young (12288K), 12 survivors (12288K)
 Metaspace       used 35529K, committed 35968K, reserved 393216K
  class space    used 5071K, committed 5248K, reserved 327680K
}
Event: 10.886 GC heap before
{Heap before GC invocations=7 (full 0):
 garbage-first heap   total 262144K, used 208223K [0x00000000e0000000, 0x0000000100000000)
  region size 1024K, 153 young (156672K), 12 survivors (12288K)
 Metaspace       used 47418K, committed 48128K, reserved 393216K
  class space    used 6672K, committed 6976K, reserved 327680K
}
Event: 10.919 GC heap after
{Heap after GC invocations=8 (full 0):
 garbage-first heap   total 262144K, used 67752K [0x00000000e0000000, 0x0000000100000000)
  region size 1024K, 20 young (20480K), 20 survivors (20480K)
 Metaspace       used 47418K, committed 48128K, reserved 393216K
  class space    used 6672K, committed 6976K, reserved 327680K
}
Event: 10.964 GC heap before
{Heap before GC invocations=8 (full 0):
 garbage-first heap   total 262144K, used 68776K [0x00000000e0000000, 0x0000000100000000)
  region size 1024K, 21 young (21504K), 20 survivors (20480K)
 Metaspace       used 47486K, committed 48128K, reserved 393216K
  class space    used 6685K, committed 6976K, reserved 327680K
}
Event: 10.985 GC heap after
{Heap after GC invocations=9 (full 0):
 garbage-first heap   total 262144K, used 69268K [0x00000000e0000000, 0x0000000100000000)
  region size 1024K, 2 young (2048K), 2 survivors (2048K)
 Metaspace       used 47486K, committed 48128K, reserved 393216K
  class space    used 6685K, committed 6976K, reserved 327680K
}

