# JRE version: Java(TM) SE Runtime Environment (17.0.12+8) (build 17.0.12+8-LTS-286)
# Java VM: Java HotSpot(TM) 64-Bit Server VM (17.0.12+8-LTS-286, mixed mode, sharing, tiered, compressed oops, compressed class ptrs, g1 gc, windows-amd64)
GC Precious Log:
 CPUs: 4 total, 4 available
 Memory: 3877M
 Large Page Support: Disabled
 NUMA Support: Disabled
 Compressed Oops: Enabled (32-bit)
 Heap Region Size: 1M
 Heap Min Capacity: 256M
 Heap Initial Capacity: 256M
 Heap Max Capacity: 512M
 Pre-touch: Disabled
 Parallel Workers: 4
 Concurrent Workers: 1
 Concurrent Refinement Workers: 4
 Periodic GC: Disabled
Heap:
 garbage-first heap   total 307200K, used 163996K [0x00000000e0000000, 0x0000000100000000)
  region size 1024K, 9 young (9216K), 2 survivors (2048K)
 Metaspace       used 91555K, committed 92416K, reserved 458752K
  class space    used 12157K, committed 12544K, reserved 327680K
GC Heap History (20 events):
Event: 50.270 GC heap before
{Heap before GC invocations=26 (full 0):
 garbage-first heap   total 262144K, used 218450K [0x00000000e0000000, 0x0000000100000000)
  region size 1024K, 76 young (77824K), 1 survivors (1024K)
 Metaspace       used 86230K, committed 87104K, reserved 458752K
  class space    used 11678K, committed 12096K, reserved 327680K
}
Event: 50.282 GC heap after
{Heap after GC invocations=27 (full 0):
 garbage-first heap   total 262144K, used 147351K [0x00000000e0000000, 0x0000000100000000)
  region size 1024K, 6 young (6144K), 6 survivors (6144K)
 Metaspace       used 86230K, committed 87104K, reserved 458752K
  class space    used 11678K, committed 12096K, reserved 327680K
}
Event: 52.826 GC heap before
{Heap before GC invocations=28 (full 0):
 garbage-first heap   total 262144K, used 216983K [0x00000000e0000000, 0x0000000100000000)
  region size 1024K, 76 young (77824K), 6 survivors (6144K)
 Metaspace       used 86656K, committed 87488K, reserved 458752K
  class space    used 11684K, committed 12096K, reserved 327680K
}
Event: 52.851 GC heap after
{Heap after GC invocations=29 (full 0):
 garbage-first heap   total 262144K, used 150454K [0x00000000e0000000, 0x0000000100000000)
  region size 1024K, 10 young (10240K), 10 survivors (10240K)
 Metaspace       used 86656K, committed 87488K, reserved 458752K
  class space    used 11684K, committed 12096K, reserved 327680K
}
Event: 52.873 GC heap before
{Heap before GC invocations=29 (full 0):
 garbage-first heap   total 262144K, used 152502K [0x00000000e0000000, 0x0000000100000000)
  region size 1024K, 12 young (12288K), 10 survivors (10240K)
 Metaspace       used 86659K, committed 87488K, reserved 458752K
  class space    used 11684K, committed 12096K, reserved 327680K
}
Event: 52.879 GC heap after
{Heap after GC invocations=30 (full 0):
 garbage-first heap   total 262144K, used 143065K [0x00000000e0000000, 0x0000000100000000)
  region size 1024K, 2 young (2048K), 2 survivors (2048K)
 Metaspace       used 86659K, committed 87488K, reserved 458752K
  class space    used 11684K, committed 12096K, reserved 327680K
}
Event: 64.734 GC heap before
{Heap before GC invocations=30 (full 0):
 garbage-first heap   total 262144K, used 216793K [0x00000000e0000000, 0x0000000100000000)
  region size 1024K, 75 young (76800K), 2 survivors (2048K)
 Metaspace       used 87308K, committed 88064K, reserved 458752K
  class space    used 11721K, committed 12096K, reserved 327680K
}
Event: 64.753 GC heap after
{Heap after GC invocations=31 (full 0):
 garbage-first heap   total 262144K, used 146381K [0x00000000e0000000, 0x0000000100000000)
  region size 1024K, 5 young (5120K), 5 survivors (5120K)
 Metaspace       used 87308K, committed 88064K, reserved 458752K
  class space    used 11721K, committed 12096K, reserved 327680K
}
Event: 72.304 GC heap before
{Heap before GC invocations=32 (full 0):
 garbage-first heap   total 262144K, used 219085K [0x00000000e0000000, 0x0000000100000000)
  region size 1024K, 76 young (77824K), 5 survivors (5120K)
 Metaspace       used 89210K, committed 90048K, reserved 458752K
  class space    used 11899K, committed 12288K, reserved 327680K
}
Event: 72.334 GC heap after
{Heap after GC invocations=33 (full 0):
 garbage-first heap   total 262144K, used 150794K [0x00000000e0000000, 0x0000000100000000)
  region size 1024K, 9 young (9216K), 9 survivors (9216K)
 Metaspace       used 89210K, committed 90048K, reserved 458752K
  class space    used 11899K, committed 12288K, reserved 327680K
}
Event: 72.424 GC heap before
{Heap before GC invocations=33 (full 0):
 garbage-first heap   total 262144K, used 152842K [0x00000000e0000000, 0x0000000100000000)
  region size 1024K, 12 young (12288K), 9 survivors (9216K)
 Metaspace       used 89573K, committed 90432K, reserved 458752K
  class space    used 11928K, committed 12352K, reserved 327680K
}
Event: 72.472 GC heap after
{Heap after GC invocations=34 (full 0):
 garbage-first heap   total 262144K, used 148659K [0x00000000e0000000, 0x0000000100000000)
  region size 1024K, 2 young (2048K), 2 survivors (2048K)
 Metaspace       used 89573K, committed 90432K, reserved 458752K
  class space    used 11928K, committed 12352K, reserved 327680K
}
Event: 91.219 GC heap before
{Heap before GC invocations=34 (full 0):
 garbage-first heap   total 262144K, used 218291K [0x00000000e0000000, 0x0000000100000000)
  region size 1024K, 71 young (72704K), 2 survivors (2048K)
 Metaspace       used 91549K, committed 92416K, reserved 458752K
  class space    used 12157K, committed 12544K, reserved 327680K
}
Event: 91.287 GC heap after
{Heap after GC invocations=35 (full 0):
 garbage-first heap   total 262144K, used 154026K [0x00000000e0000000, 0x0000000100000000)
  region size 1024K, 7 young (7168K), 7 survivors (7168K)
 Metaspace       used 91549K, committed 92416K, reserved 458752K
  class space    used 12157K, committed 12544K, reserved 327680K
}
Event: 92.318 GC heap before
{Heap before GC invocations=35 (full 0):
 garbage-first heap   total 262144K, used 218538K [0x00000000e0000000, 0x0000000100000000)
  region size 1024K, 71 young (72704K), 7 survivors (7168K)
 Metaspace       used 91553K, committed 92416K, reserved 458752K
  class space    used 12157K, committed 12544K, reserved 327680K
}
Event: 92.341 GC heap after
{Heap after GC invocations=36 (full 0):
 garbage-first heap   total 262144K, used 157552K [0x00000000e0000000, 0x0000000100000000)
  region size 1024K, 6 young (6144K), 6 survivors (6144K)
 Metaspace       used 91553K, committed 92416K, reserved 458752K
  class space    used 12157K, committed 12544K, reserved 327680K
}
Event: 94.098 GC heap before
{Heap before GC invocations=37 (full 0):
 garbage-first heap   total 307200K, used 218992K [0x00000000e0000000, 0x0000000100000000)
  region size 1024K, 66 young (67584K), 6 survivors (6144K)
 Metaspace       used 91553K, committed 92416K, reserved 458752K
  class space    used 12157K, committed 12544K, reserved 327680K
}
Event: 94.154 GC heap after
{Heap after GC invocations=38 (full 0):
 garbage-first heap   total 307200K, used 160175K [0x00000000e0000000, 0x0000000100000000)
  region size 1024K, 6 young (6144K), 6 survivors (6144K)
 Metaspace       used 91553K, committed 92416K, reserved 458752K
  class space    used 12157K, committed 12544K, reserved 327680K
}
Event: 95.037 GC heap before
{Heap before GC invocations=38 (full 0):
 garbage-first heap   total 307200K, used 169391K [0x00000000e0000000, 0x0000000100000000)
  region size 1024K, 15 young (15360K), 6 survivors (6144K)
 Metaspace       used 91553K, committed 92416K, reserved 458752K
  class space    used 12157K, committed 12544K, reserved 327680K
}
Event: 95.081 GC heap after
{Heap after GC invocations=39 (full 0):
 garbage-first heap   total 307200K, used 157852K [0x00000000e0000000, 0x0000000100000000)
  region size 1024K, 2 young (2048K), 2 survivors (2048K)
 Metaspace       used 91553K, committed 92416K, reserved 458752K
  class space    used 12157K, committed 12544K, reserved 327680K
}

