# JRE version: Java(TM) SE Runtime Environment (17.0.12+8) (build 17.0.12+8-LTS-286)
# Java VM: Java HotSpot(TM) 64-Bit Server VM (17.0.12+8-LTS-286, mixed mode, sharing, tiered, compressed oops, compressed class ptrs, g1 gc, windows-amd64)
GC Precious Log:
 CPUs: 4 total, 4 available
 Memory: 3877M
 Large Page Support: Disabled
 NUMA Support: Disabled
 Compressed Oops: Enabled (32-bit)
 Heap Region Size: 1M
 Heap Min Capacity: 8M
 Heap Initial Capacity: 62M
 Heap Max Capacity: 970M
 Pre-touch: Disabled
 Parallel Workers: 4
 Concurrent Workers: 1
 Concurrent Refinement Workers: 4
 Periodic GC: Disabled
Heap:
 garbage-first heap   total 64512K, used 35939K [0x00000000c3600000, 0x0000000100000000)
  region size 1024K, 1 young (1024K), 1 survivors (1024K)
 Metaspace       used 41044K, committed 41344K, reserved 1114112K
  class space    used 5038K, committed 5184K, reserved 1048576K
GC Heap History (20 events):
Event: 7.736 GC heap after
{Heap after GC invocations=7 (full 0):
 garbage-first heap   total 49152K, used 21826K [0x00000000c3600000, 0x0000000100000000)
  region size 1024K, 3 young (3072K), 3 survivors (3072K)
 Metaspace       used 23819K, committed 24064K, reserved 1114112K
  class space    used 3033K, committed 3136K, reserved 1048576K
}
Event: 8.112 GC heap before
{Heap before GC invocations=7 (full 0):
 garbage-first heap   total 49152K, used 35138K [0x00000000c3600000, 0x0000000100000000)
  region size 1024K, 16 young (16384K), 3 survivors (3072K)
 Metaspace       used 27594K, committed 27904K, reserved 1114112K
  class space    used 3650K, committed 3776K, reserved 1048576K
}
Event: 8.119 GC heap after
{Heap after GC invocations=8 (full 0):
 garbage-first heap   total 49152K, used 23705K [0x00000000c3600000, 0x0000000100000000)
  region size 1024K, 2 young (2048K), 2 survivors (2048K)
 Metaspace       used 27594K, committed 27904K, reserved 1114112K
  class space    used 3650K, committed 3776K, reserved 1048576K
}
Event: 9.167 GC heap before
{Heap before GC invocations=8 (full 0):
 garbage-first heap   total 49152K, used 34969K [0x00000000c3600000, 0x0000000100000000)
  region size 1024K, 14 young (14336K), 2 survivors (2048K)
 Metaspace       used 29673K, committed 29888K, reserved 1114112K
  class space    used 3875K, committed 3968K, reserved 1048576K
}
Event: 9.172 GC heap after
{Heap after GC invocations=9 (full 0):
 garbage-first heap   total 49152K, used 25891K [0x00000000c3600000, 0x0000000100000000)
  region size 1024K, 2 young (2048K), 2 survivors (2048K)
 Metaspace       used 29673K, committed 29888K, reserved 1114112K
  class space    used 3875K, committed 3968K, reserved 1048576K
}
Event: 9.565 GC heap before
{Heap before GC invocations=10 (full 0):
 garbage-first heap   total 49152K, used 36131K [0x00000000c3600000, 0x0000000100000000)
  region size 1024K, 13 young (13312K), 2 survivors (2048K)
 Metaspace       used 31864K, committed 32064K, reserved 1114112K
  class space    used 4088K, committed 4160K, reserved 1048576K
}
Event: 9.570 GC heap after
{Heap after GC invocations=11 (full 0):
 garbage-first heap   total 49152K, used 27323K [0x00000000c3600000, 0x0000000100000000)
  region size 1024K, 2 young (2048K), 2 survivors (2048K)
 Metaspace       used 31864K, committed 32064K, reserved 1114112K
  class space    used 4088K, committed 4160K, reserved 1048576K
}
Event: 9.966 GC heap before
{Heap before GC invocations=11 (full 0):
 garbage-first heap   total 49152K, used 36539K [0x00000000c3600000, 0x0000000100000000)
  region size 1024K, 12 young (12288K), 2 survivors (2048K)
 Metaspace       used 33728K, committed 33920K, reserved 1114112K
  class space    used 4218K, committed 4288K, reserved 1048576K
}
Event: 9.971 GC heap after
{Heap after GC invocations=12 (full 0):
 garbage-first heap   total 49152K, used 28972K [0x00000000c3600000, 0x0000000100000000)
  region size 1024K, 2 young (2048K), 2 survivors (2048K)
 Metaspace       used 33728K, committed 33920K, reserved 1114112K
  class space    used 4218K, committed 4288K, reserved 1048576K
}
Event: 12.388 GC heap before
{Heap before GC invocations=13 (full 0):
 garbage-first heap   total 51200K, used 37164K [0x00000000c3600000, 0x0000000100000000)
  region size 1024K, 11 young (11264K), 2 survivors (2048K)
 Metaspace       used 36145K, committed 36416K, reserved 1114112K
  class space    used 4501K, committed 4608K, reserved 1048576K
}
Event: 12.393 GC heap after
{Heap after GC invocations=14 (full 0):
 garbage-first heap   total 51200K, used 28999K [0x00000000c3600000, 0x0000000100000000)
  region size 1024K, 1 young (1024K), 1 survivors (1024K)
 Metaspace       used 36145K, committed 36416K, reserved 1114112K
  class space    used 4501K, committed 4608K, reserved 1048576K
}
Event: 13.161 GC heap before
{Heap before GC invocations=14 (full 0):
 garbage-first heap   total 51200K, used 40263K [0x00000000c3600000, 0x0000000100000000)
  region size 1024K, 12 young (12288K), 1 survivors (1024K)
 Metaspace       used 38689K, committed 38976K, reserved 1114112K
  class space    used 4791K, committed 4928K, reserved 1048576K
}
Event: 13.167 GC heap after
{Heap after GC invocations=15 (full 0):
 garbage-first heap   total 51200K, used 30492K [0x00000000c3600000, 0x0000000100000000)
  region size 1024K, 2 young (2048K), 2 survivors (2048K)
 Metaspace       used 38689K, committed 38976K, reserved 1114112K
  class space    used 4791K, committed 4928K, reserved 1048576K
}
Event: 18.100 GC heap before
{Heap before GC invocations=16 (full 0):
 garbage-first heap   total 55296K, used 39708K [0x00000000c3600000, 0x0000000100000000)
  region size 1024K, 11 young (11264K), 2 survivors (2048K)
 Metaspace       used 40173K, committed 40448K, reserved 1114112K
  class space    used 4947K, committed 5120K, reserved 1048576K
}
Event: 18.110 GC heap after
{Heap after GC invocations=17 (full 0):
 garbage-first heap   total 55296K, used 31850K [0x00000000c3600000, 0x0000000100000000)
  region size 1024K, 2 young (2048K), 2 survivors (2048K)
 Metaspace       used 40173K, committed 40448K, reserved 1114112K
  class space    used 4947K, committed 5120K, reserved 1048576K
}
Event: 19.054 GC heap before
{Heap before GC invocations=17 (full 0):
 garbage-first heap   total 55296K, used 35946K [0x00000000c3600000, 0x0000000100000000)
  region size 1024K, 8 young (8192K), 2 survivors (2048K)
 Metaspace       used 40992K, committed 41280K, reserved 1114112K
  class space    used 5038K, committed 5184K, reserved 1048576K
}
Event: 19.062 GC heap after
{Heap after GC invocations=18 (full 0):
 garbage-first heap   total 55296K, used 32810K [0x00000000c3600000, 0x0000000100000000)
  region size 1024K, 1 young (1024K), 1 survivors (1024K)
 Metaspace       used 40992K, committed 41280K, reserved 1114112K
  class space    used 5038K, committed 5184K, reserved 1048576K
}
Event: 19.343 GC heap before
{Heap before GC invocations=19 (full 0):
 garbage-first heap   total 60416K, used 43050K [0x00000000c3600000, 0x0000000100000000)
  region size 1024K, 11 young (11264K), 1 survivors (1024K)
 Metaspace       used 41044K, committed 41344K, reserved 1114112K
  class space    used 5038K, committed 5184K, reserved 1048576K
}
Event: 19.349 GC heap after
{Heap after GC invocations=20 (full 0):
 garbage-first heap   total 60416K, used 35674K [0x00000000c3600000, 0x0000000100000000)
  region size 1024K, 2 young (2048K), 2 survivors (2048K)
 Metaspace       used 41044K, committed 41344K, reserved 1114112K
  class space    used 5038K, committed 5184K, reserved 1048576K
}
Event: 19.353 GC heap before
{Heap before GC invocations=20 (full 0):
 garbage-first heap   total 60416K, used 36698K [0x00000000c3600000, 0x0000000100000000)
  region size 1024K, 3 young (3072K), 2 survivors (2048K)
 Metaspace       used 41044K, committed 41344K, reserved 1114112K
  class space    used 5038K, committed 5184K, reserved 1048576K
}

